2021-06-07 15:55:36.835  INFO 8028 --- [restartedMain] com.example.actvn.ActvnApplication       : Starting ActvnApplication using Java 1.8.0_271 on DESKTOP-EIB7LHP with PID 8028 (E:\DoAn\actvn\target\classes started by Giang in E:\DoAn\actvn)
2021-06-07 15:55:36.841  INFO 8028 --- [restartedMain] com.example.actvn.ActvnApplication       : No active profile set, falling back to default profiles: default
2021-06-07 15:55:36.910  INFO 8028 --- [restartedMain] .e.DevToolsPropertyDefaultsPostProcessor : Devtools property defaults active! Set 'spring.devtools.add-properties' to 'false' to disable
2021-06-07 15:55:36.910  INFO 8028 --- [restartedMain] .e.DevToolsPropertyDefaultsPostProcessor : For additional web related logging consider setting the 'logging.level.web' property to 'DEBUG'
2021-06-07 15:55:37.906  INFO 8028 --- [restartedMain] .s.d.r.c.RepositoryConfigurationDelegate : Bootstrapping Spring Data JPA repositories in DEFAULT mode.
2021-06-07 15:55:37.990  INFO 8028 --- [restartedMain] .s.d.r.c.RepositoryConfigurationDelegate : Finished Spring Data repository scanning in 76 ms. Found 6 JPA repository interfaces.
2021-06-07 15:55:38.276  INFO 8028 --- [restartedMain] trationDelegate$BeanPostProcessorChecker : Bean 'org.springframework.security.access.expression.method.DefaultMethodSecurityExpressionHandler@620b703e' of type [org.springframework.security.access.expression.method.DefaultMethodSecurityExpressionHandler] is not eligible for getting processed by all BeanPostProcessors (for example: not eligible for auto-proxying)
2021-06-07 15:55:38.284  INFO 8028 --- [restartedMain] trationDelegate$BeanPostProcessorChecker : Bean 'methodSecurityMetadataSource' of type [org.springframework.security.access.method.DelegatingMethodSecurityMetadataSource] is not eligible for getting processed by all BeanPostProcessors (for example: not eligible for auto-proxying)
2021-06-07 15:55:38.571  INFO 8028 --- [restartedMain] o.s.b.w.embedded.tomcat.TomcatWebServer  : Tomcat initialized with port(s): 5000 (http)
2021-06-07 15:55:38.579  INFO 8028 --- [restartedMain] o.apache.catalina.core.StandardService   : Starting service [Tomcat]
2021-06-07 15:55:38.579  INFO 8028 --- [restartedMain] org.apache.catalina.core.StandardEngine  : Starting Servlet engine: [Apache Tomcat/9.0.45]
2021-06-07 15:55:38.651  INFO 8028 --- [restartedMain] o.a.c.c.C.[Tomcat].[localhost].[/]       : Initializing Spring embedded WebApplicationContext
2021-06-07 15:55:38.652  INFO 8028 --- [restartedMain] w.s.c.ServletWebServerApplicationContext : Root WebApplicationContext: initialization completed in 1740 ms
2021-06-07 15:55:38.703  WARN 8028 --- [restartedMain] JpaBaseConfiguration$JpaWebConfiguration : spring.jpa.open-in-view is enabled by default. Therefore, database queries may be performed during view rendering. Explicitly configure spring.jpa.open-in-view to disable this warning
2021-06-07 15:55:38.800  INFO 8028 --- [restartedMain] com.zaxxer.hikari.HikariDataSource       : HikariPool-1 - Starting...
2021-06-07 15:55:38.985  INFO 8028 --- [restartedMain] com.zaxxer.hikari.HikariDataSource       : HikariPool-1 - Start completed.
2021-06-07 15:55:39.738 ERROR 8028 --- [restartedMain] j.LocalContainerEntityManagerFactoryBean : Failed to initialize JPA EntityManagerFactory: [PersistenceUnit: default] Unable to build Hibernate SessionFactory; nested exception is org.hibernate.MappingException: Repeated column in mapping for entity: com.example.actvn.entity.HocPhan column: giang_vien_id (should be mapped with insert="false" update="false")
2021-06-07 15:55:39.740 ERROR 8028 --- [restartedMain] o.s.b.web.embedded.tomcat.TomcatStarter  : Error starting Tomcat context. Exception: org.springframework.beans.factory.UnsatisfiedDependencyException. Message: Error creating bean with name 'securityConfig': Unsatisfied dependency expressed through method 'setContentNegotationStrategy' parameter 0; nested exception is org.springframework.beans.factory.UnsatisfiedDependencyException: Error creating bean with name 'org.springframework.boot.autoconfigure.web.servlet.WebMvcAutoConfiguration$EnableWebMvcConfiguration': Unsatisfied dependency expressed through method 'setConfigurers' parameter 0; nested exception is org.springframework.beans.factory.UnsatisfiedDependencyException: Error creating bean with name 'openEntityManagerInViewInterceptorConfigurer' defined in class path resource [org/springframework/boot/autoconfigure/orm/jpa/JpaBaseConfiguration$JpaWebConfiguration.class]: Unsatisfied dependency expressed through method 'openEntityManagerInViewInterceptorConfigurer' parameter 0; nested exception is org.springframework.beans.factory.BeanCreationException: Error creating bean with name 'openEntityManagerInViewInterceptor' defined in class path resource [org/springframework/boot/autoconfigure/orm/jpa/JpaBaseConfiguration$JpaWebConfiguration.class]: Initialization of bean failed; nested exception is org.springframework.beans.factory.BeanCreationException: Error creating bean with name 'entityManagerFactory' defined in class path resource [org/springframework/boot/autoconfigure/orm/jpa/HibernateJpaConfiguration.class]: Invocation of init method failed; nested exception is javax.persistence.PersistenceException: [PersistenceUnit: default] Unable to build Hibernate SessionFactory; nested exception is org.hibernate.MappingException: Repeated column in mapping for entity: com.example.actvn.entity.HocPhan column: giang_vien_id (should be mapped with insert="false" update="false")
2021-06-07 15:55:39.756  INFO 8028 --- [restartedMain] o.apache.catalina.core.StandardService   : Stopping service [Tomcat]
2021-06-07 15:55:39.759  WARN 8028 --- [restartedMain] o.a.c.loader.WebappClassLoaderBase       : The web application [ROOT] appears to have started a thread named [HikariPool-1 housekeeper] but has failed to stop it. This is very likely to create a memory leak. Stack trace of thread:
 sun.misc.Unsafe.park(Native Method)
 java.util.concurrent.locks.LockSupport.parkNanos(LockSupport.java:215)
 java.util.concurrent.locks.AbstractQueuedSynchronizer$ConditionObject.awaitNanos(AbstractQueuedSynchronizer.java:2078)
 java.util.concurrent.ScheduledThreadPoolExecutor$DelayedWorkQueue.take(ScheduledThreadPoolExecutor.java:1093)
 java.util.concurrent.ScheduledThreadPoolExecutor$DelayedWorkQueue.take(ScheduledThreadPoolExecutor.java:809)
 java.util.concurrent.ThreadPoolExecutor.getTask(ThreadPoolExecutor.java:1074)
 java.util.concurrent.ThreadPoolExecutor.runWorker(ThreadPoolExecutor.java:1134)
 java.util.concurrent.ThreadPoolExecutor$Worker.run(ThreadPoolExecutor.java:624)
 java.lang.Thread.run(Thread.java:748)
2021-06-07 15:55:39.760  WARN 8028 --- [restartedMain] o.a.c.loader.WebappClassLoaderBase       : The web application [ROOT] appears to have started a thread named [HikariPool-1 connection adder] but has failed to stop it. This is very likely to create a memory leak. Stack trace of thread:
 sun.misc.Unsafe.park(Native Method)
 java.util.concurrent.locks.LockSupport.parkNanos(LockSupport.java:215)
 java.util.concurrent.locks.AbstractQueuedSynchronizer$ConditionObject.awaitNanos(AbstractQueuedSynchronizer.java:2078)
 java.util.concurrent.LinkedBlockingQueue.poll(LinkedBlockingQueue.java:467)
 java.util.concurrent.ThreadPoolExecutor.getTask(ThreadPoolExecutor.java:1073)
 java.util.concurrent.ThreadPoolExecutor.runWorker(ThreadPoolExecutor.java:1134)
 java.util.concurrent.ThreadPoolExecutor$Worker.run(ThreadPoolExecutor.java:624)
 java.lang.Thread.run(Thread.java:748)
2021-06-07 15:55:39.761  WARN 8028 --- [restartedMain] ConfigServletWebServerApplicationContext : Exception encountered during context initialization - cancelling refresh attempt: org.springframework.context.ApplicationContextException: Unable to start web server; nested exception is org.springframework.boot.web.server.WebServerException: Unable to start embedded Tomcat
2021-06-07 15:55:39.762  INFO 8028 --- [restartedMain] com.zaxxer.hikari.HikariDataSource       : HikariPool-1 - Shutdown initiated...
2021-06-07 15:55:39.765  INFO 8028 --- [restartedMain] com.zaxxer.hikari.HikariDataSource       : HikariPool-1 - Shutdown completed.
2021-06-07 15:55:39.772  INFO 8028 --- [restartedMain] ConditionEvaluationReportLoggingListener : 

Error starting ApplicationContext. To display the conditions report re-run your application with 'debug' enabled.
2021-06-07 15:55:39.798 ERROR 8028 --- [restartedMain] o.s.boot.SpringApplication               : Application run failed

org.springframework.context.ApplicationContextException: Unable to start web server; nested exception is org.springframework.boot.web.server.WebServerException: Unable to start embedded Tomcat
	at org.springframework.boot.web.servlet.context.ServletWebServerApplicationContext.onRefresh(ServletWebServerApplicationContext.java:162) ~[spring-boot-2.4.5.jar:2.4.5]
	at org.springframework.context.support.AbstractApplicationContext.refresh(AbstractApplicationContext.java:577) ~[spring-context-5.3.6.jar:5.3.6]
	at org.springframework.boot.web.servlet.context.ServletWebServerApplicationContext.refresh(ServletWebServerApplicationContext.java:144) ~[spring-boot-2.4.5.jar:2.4.5]
	at org.springframework.boot.SpringApplication.refresh(SpringApplication.java:782) [spring-boot-2.4.5.jar:2.4.5]
	at org.springframework.boot.SpringApplication.refresh(SpringApplication.java:774) [spring-boot-2.4.5.jar:2.4.5]
	at org.springframework.boot.SpringApplication.refreshContext(SpringApplication.java:439) [spring-boot-2.4.5.jar:2.4.5]
	at org.springframework.boot.SpringApplication.run(SpringApplication.java:339) [spring-boot-2.4.5.jar:2.4.5]
	at org.springframework.boot.SpringApplication.run(SpringApplication.java:1340) [spring-boot-2.4.5.jar:2.4.5]
	at org.springframework.boot.SpringApplication.run(SpringApplication.java:1329) [spring-boot-2.4.5.jar:2.4.5]
	at com.example.actvn.ActvnApplication.main(ActvnApplication.java:21) [classes/:na]
	at sun.reflect.NativeMethodAccessorImpl.invoke0(Native Method) ~[na:1.8.0_271]
	at sun.reflect.NativeMethodAccessorImpl.invoke(NativeMethodAccessorImpl.java:62) ~[na:1.8.0_271]
	at sun.reflect.DelegatingMethodAccessorImpl.invoke(DelegatingMethodAccessorImpl.java:43) ~[na:1.8.0_271]
	at java.lang.reflect.Method.invoke(Method.java:498) ~[na:1.8.0_271]
	at org.springframework.boot.devtools.restart.RestartLauncher.run(RestartLauncher.java:49) [spring-boot-devtools-2.4.5.jar:2.4.5]
Caused by: org.springframework.boot.web.server.WebServerException: Unable to start embedded Tomcat
	at org.springframework.boot.web.embedded.tomcat.TomcatWebServer.initialize(TomcatWebServer.java:142) ~[spring-boot-2.4.5.jar:2.4.5]
	at org.springframework.boot.web.embedded.tomcat.TomcatWebServer.<init>(TomcatWebServer.java:104) ~[spring-boot-2.4.5.jar:2.4.5]
	at org.springframework.boot.web.embedded.tomcat.TomcatServletWebServerFactory.getTomcatWebServer(TomcatServletWebServerFactory.java:450) ~[spring-boot-2.4.5.jar:2.4.5]
	at org.springframework.boot.web.embedded.tomcat.TomcatServletWebServerFactory.getWebServer(TomcatServletWebServerFactory.java:199) ~[spring-boot-2.4.5.jar:2.4.5]
	at org.springframework.boot.web.servlet.context.ServletWebServerApplicationContext.createWebServer(ServletWebServerApplicationContext.java:181) ~[spring-boot-2.4.5.jar:2.4.5]
	at org.springframework.boot.web.servlet.context.ServletWebServerApplicationContext.onRefresh(ServletWebServerApplicationContext.java:159) ~[spring-boot-2.4.5.jar:2.4.5]
	... 14 common frames omitted
Caused by: org.springframework.beans.factory.UnsatisfiedDependencyException: Error creating bean with name 'securityConfig': Unsatisfied dependency expressed through method 'setContentNegotationStrategy' parameter 0; nested exception is org.springframework.beans.factory.UnsatisfiedDependencyException: Error creating bean with name 'org.springframework.boot.autoconfigure.web.servlet.WebMvcAutoConfiguration$EnableWebMvcConfiguration': Unsatisfied dependency expressed through method 'setConfigurers' parameter 0; nested exception is org.springframework.beans.factory.UnsatisfiedDependencyException: Error creating bean with name 'openEntityManagerInViewInterceptorConfigurer' defined in class path resource [org/springframework/boot/autoconfigure/orm/jpa/JpaBaseConfiguration$JpaWebConfiguration.class]: Unsatisfied dependency expressed through method 'openEntityManagerInViewInterceptorConfigurer' parameter 0; nested exception is org.springframework.beans.factory.BeanCreationException: Error creating bean with name 'openEntityManagerInViewInterceptor' defined in class path resource [org/springframework/boot/autoconfigure/orm/jpa/JpaBaseConfiguration$JpaWebConfiguration.class]: Initialization of bean failed; nested exception is org.springframework.beans.factory.BeanCreationException: Error creating bean with name 'entityManagerFactory' defined in class path resource [org/springframework/boot/autoconfigure/orm/jpa/HibernateJpaConfiguration.class]: Invocation of init method failed; nested exception is javax.persistence.PersistenceException: [PersistenceUnit: default] Unable to build Hibernate SessionFactory; nested exception is org.hibernate.MappingException: Repeated column in mapping for entity: com.example.actvn.entity.HocPhan column: giang_vien_id (should be mapped with insert="false" update="false")
	at org.springframework.beans.factory.annotation.AutowiredAnnotationBeanPostProcessor$AutowiredMethodElement.resolveMethodArguments(AutowiredAnnotationBeanPostProcessor.java:768) ~[spring-beans-5.3.6.jar:5.3.6]
	at org.springframework.beans.factory.annotation.AutowiredAnnotationBeanPostProcessor$AutowiredMethodElement.inject(AutowiredAnnotationBeanPostProcessor.java:720) ~[spring-beans-5.3.6.jar:5.3.6]
	at org.springframework.beans.factory.annotation.InjectionMetadata.inject(InjectionMetadata.java:119) ~[spring-beans-5.3.6.jar:5.3.6]
	at org.springframework.beans.factory.annotation.AutowiredAnnotationBeanPostProcessor.postProcessProperties(AutowiredAnnotationBeanPostProcessor.java:399) ~[spring-beans-5.3.6.jar:5.3.6]
	at org.springframework.beans.factory.support.AbstractAutowireCapableBeanFactory.populateBean(AbstractAutowireCapableBeanFactory.java:1413) ~[spring-beans-5.3.6.jar:5.3.6]
	at org.springframework.beans.factory.support.AbstractAutowireCapableBeanFactory.doCreateBean(AbstractAutowireCapableBeanFactory.java:601) ~[spring-beans-5.3.6.jar:5.3.6]
	at org.springframework.beans.factory.support.AbstractAutowireCapableBeanFactory.createBean(AbstractAutowireCapableBeanFactory.java:524) ~[spring-beans-5.3.6.jar:5.3.6]
	at org.springframework.beans.factory.support.AbstractBeanFactory.lambda$doGetBean$0(AbstractBeanFactory.java:335) ~[spring-beans-5.3.6.jar:5.3.6]
	at org.springframework.beans.factory.support.DefaultSingletonBeanRegistry.getSingleton(DefaultSingletonBeanRegistry.java:234) ~[spring-beans-5.3.6.jar:5.3.6]
	at org.springframework.beans.factory.support.AbstractBeanFactory.doGetBean(AbstractBeanFactory.java:333) ~[spring-beans-5.3.6.jar:5.3.6]
	at org.springframework.beans.factory.support.AbstractBeanFactory.getBean(AbstractBeanFactory.java:208) ~[spring-beans-5.3.6.jar:5.3.6]
	at org.springframework.beans.factory.support.ConstructorResolver.instantiateUsingFactoryMethod(ConstructorResolver.java:410) ~[spring-beans-5.3.6.jar:5.3.6]
	at org.springframework.beans.factory.support.AbstractAutowireCapableBeanFactory.instantiateUsingFactoryMethod(AbstractAutowireCapableBeanFactory.java:1334) ~[spring-beans-5.3.6.jar:5.3.6]
	at org.springframework.beans.factory.support.AbstractAutowireCapableBeanFactory.createBeanInstance(AbstractAutowireCapableBeanFactory.java:1177) ~[spring-beans-5.3.6.jar:5.3.6]
	at org.springframework.beans.factory.support.AbstractAutowireCapableBeanFactory.doCreateBean(AbstractAutowireCapableBeanFactory.java:564) ~[spring-beans-5.3.6.jar:5.3.6]
	at org.springframework.beans.factory.support.AbstractAutowireCapableBeanFactory.createBean(AbstractAutowireCapableBeanFactory.java:524) ~[spring-beans-5.3.6.jar:5.3.6]
	at org.springframework.beans.factory.support.AbstractBeanFactory.lambda$doGetBean$0(AbstractBeanFactory.java:335) ~[spring-beans-5.3.6.jar:5.3.6]
	at org.springframework.beans.factory.support.DefaultSingletonBeanRegistry.getSingleton(DefaultSingletonBeanRegistry.java:234) ~[spring-beans-5.3.6.jar:5.3.6]
	at org.springframework.beans.factory.support.AbstractBeanFactory.doGetBean(AbstractBeanFactory.java:333) ~[spring-beans-5.3.6.jar:5.3.6]
	at org.springframework.beans.factory.support.AbstractBeanFactory.getBean(AbstractBeanFactory.java:213) ~[spring-beans-5.3.6.jar:5.3.6]
	at org.springframework.boot.web.servlet.ServletContextInitializerBeans.getOrderedBeansOfType(ServletContextInitializerBeans.java:212) ~[spring-boot-2.4.5.jar:2.4.5]
	at org.springframework.boot.web.servlet.ServletContextInitializerBeans.addAsRegistrationBean(ServletContextInitializerBeans.java:175) ~[spring-boot-2.4.5.jar:2.4.5]
	at org.springframework.boot.web.servlet.ServletContextInitializerBeans.addAsRegistrationBean(ServletContextInitializerBeans.java:170) ~[spring-boot-2.4.5.jar:2.4.5]
	at org.springframework.boot.web.servlet.ServletContextInitializerBeans.addAdaptableBeans(ServletContextInitializerBeans.java:155) ~[spring-boot-2.4.5.jar:2.4.5]
	at org.springframework.boot.web.servlet.ServletContextInitializerBeans.<init>(ServletContextInitializerBeans.java:87) ~[spring-boot-2.4.5.jar:2.4.5]
	at org.springframework.boot.web.servlet.context.ServletWebServerApplicationContext.getServletContextInitializerBeans(ServletWebServerApplicationContext.java:259) ~[spring-boot-2.4.5.jar:2.4.5]
	at org.springframework.boot.web.servlet.context.ServletWebServerApplicationContext.selfInitialize(ServletWebServerApplicationContext.java:233) ~[spring-boot-2.4.5.jar:2.4.5]
	at org.springframework.boot.web.embedded.tomcat.TomcatStarter.onStartup(TomcatStarter.java:53) ~[spring-boot-2.4.5.jar:2.4.5]
	at org.apache.catalina.core.StandardContext.startInternal(StandardContext.java:5161) ~[tomcat-embed-core-9.0.45.jar:9.0.45]
	at org.apache.catalina.util.LifecycleBase.start(LifecycleBase.java:183) ~[tomcat-embed-core-9.0.45.jar:9.0.45]
	at org.apache.catalina.core.ContainerBase$StartChild.call(ContainerBase.java:1384) ~[tomcat-embed-core-9.0.45.jar:9.0.45]
	at org.apache.catalina.core.ContainerBase$StartChild.call(ContainerBase.java:1374) ~[tomcat-embed-core-9.0.45.jar:9.0.45]
	at java.util.concurrent.FutureTask.run$$$capture(FutureTask.java:266) ~[na:1.8.0_271]
	at java.util.concurrent.FutureTask.run(FutureTask.java) ~[na:1.8.0_271]
	at org.apache.tomcat.util.threads.InlineExecutorService.execute(InlineExecutorService.java:75) ~[tomcat-embed-core-9.0.45.jar:9.0.45]
	at java.util.concurrent.AbstractExecutorService.submit(AbstractExecutorService.java:134) ~[na:1.8.0_271]
	at org.apache.catalina.core.ContainerBase.startInternal(ContainerBase.java:909) ~[tomcat-embed-core-9.0.45.jar:9.0.45]
	at org.apache.catalina.core.StandardHost.startInternal(StandardHost.java:843) ~[tomcat-embed-core-9.0.45.jar:9.0.45]
	at org.apache.catalina.util.LifecycleBase.start(LifecycleBase.java:183) ~[tomcat-embed-core-9.0.45.jar:9.0.45]
	at org.apache.catalina.core.ContainerBase$StartChild.call(ContainerBase.java:1384) ~[tomcat-embed-core-9.0.45.jar:9.0.45]
	at org.apache.catalina.core.ContainerBase$StartChild.call(ContainerBase.java:1374) ~[tomcat-embed-core-9.0.45.jar:9.0.45]
	at java.util.concurrent.FutureTask.run$$$capture(FutureTask.java:266) ~[na:1.8.0_271]
	at java.util.concurrent.FutureTask.run(FutureTask.java) ~[na:1.8.0_271]
	at org.apache.tomcat.util.threads.InlineExecutorService.execute(InlineExecutorService.java:75) ~[tomcat-embed-core-9.0.45.jar:9.0.45]
	at java.util.concurrent.AbstractExecutorService.submit(AbstractExecutorService.java:134) ~[na:1.8.0_271]
	at org.apache.catalina.core.ContainerBase.startInternal(ContainerBase.java:909) ~[tomcat-embed-core-9.0.45.jar:9.0.45]
	at org.apache.catalina.core.StandardEngine.startInternal(StandardEngine.java:262) ~[tomcat-embed-core-9.0.45.jar:9.0.45]
	at org.apache.catalina.util.LifecycleBase.start(LifecycleBase.java:183) ~[tomcat-embed-core-9.0.45.jar:9.0.45]
	at org.apache.catalina.core.StandardService.startInternal(StandardService.java:433) ~[tomcat-embed-core-9.0.45.jar:9.0.45]
	at org.apache.catalina.util.LifecycleBase.start(LifecycleBase.java:183) ~[tomcat-embed-core-9.0.45.jar:9.0.45]
	at org.apache.catalina.core.StandardServer.startInternal(StandardServer.java:930) ~[tomcat-embed-core-9.0.45.jar:9.0.45]
	at org.apache.catalina.util.LifecycleBase.start(LifecycleBase.java:183) ~[tomcat-embed-core-9.0.45.jar:9.0.45]
	at org.apache.catalina.startup.Tomcat.start(Tomcat.java:486) ~[tomcat-embed-core-9.0.45.jar:9.0.45]
	at org.springframework.boot.web.embedded.tomcat.TomcatWebServer.initialize(TomcatWebServer.java:123) ~[spring-boot-2.4.5.jar:2.4.5]
	... 19 common frames omitted
Caused by: org.springframework.beans.factory.UnsatisfiedDependencyException: Error creating bean with name 'org.springframework.boot.autoconfigure.web.servlet.WebMvcAutoConfiguration$EnableWebMvcConfiguration': Unsatisfied dependency expressed through method 'setConfigurers' parameter 0; nested exception is org.springframework.beans.factory.UnsatisfiedDependencyException: Error creating bean with name 'openEntityManagerInViewInterceptorConfigurer' defined in class path resource [org/springframework/boot/autoconfigure/orm/jpa/JpaBaseConfiguration$JpaWebConfiguration.class]: Unsatisfied dependency expressed through method 'openEntityManagerInViewInterceptorConfigurer' parameter 0; nested exception is org.springframework.beans.factory.BeanCreationException: Error creating bean with name 'openEntityManagerInViewInterceptor' defined in class path resource [org/springframework/boot/autoconfigure/orm/jpa/JpaBaseConfiguration$JpaWebConfiguration.class]: Initialization of bean failed; nested exception is org.springframework.beans.factory.BeanCreationException: Error creating bean with name 'entityManagerFactory' defined in class path resource [org/springframework/boot/autoconfigure/orm/jpa/HibernateJpaConfiguration.class]: Invocation of init method failed; nested exception is javax.persistence.PersistenceException: [PersistenceUnit: default] Unable to build Hibernate SessionFactory; nested exception is org.hibernate.MappingException: Repeated column in mapping for entity: com.example.actvn.entity.HocPhan column: giang_vien_id (should be mapped with insert="false" update="false")
	at org.springframework.beans.factory.annotation.AutowiredAnnotationBeanPostProcessor$AutowiredMethodElement.resolveMethodArguments(AutowiredAnnotationBeanPostProcessor.java:768) ~[spring-beans-5.3.6.jar:5.3.6]
	at org.springframework.beans.factory.annotation.AutowiredAnnotationBeanPostProcessor$AutowiredMethodElement.inject(AutowiredAnnotationBeanPostProcessor.java:720) ~[spring-beans-5.3.6.jar:5.3.6]
	at org.springframework.beans.factory.annotation.InjectionMetadata.inject(InjectionMetadata.java:119) ~[spring-beans-5.3.6.jar:5.3.6]
	at org.springframework.beans.factory.annotation.AutowiredAnnotationBeanPostProcessor.postProcessProperties(AutowiredAnnotationBeanPostProcessor.java:399) ~[spring-beans-5.3.6.jar:5.3.6]
	at org.springframework.beans.factory.support.AbstractAutowireCapableBeanFactory.populateBean(AbstractAutowireCapableBeanFactory.java:1413) ~[spring-beans-5.3.6.jar:5.3.6]
	at org.springframework.beans.factory.support.AbstractAutowireCapableBeanFactory.doCreateBean(AbstractAutowireCapableBeanFactory.java:601) ~[spring-beans-5.3.6.jar:5.3.6]
	at org.springframework.beans.factory.support.AbstractAutowireCapableBeanFactory.createBean(AbstractAutowireCapableBeanFactory.java:524) ~[spring-beans-5.3.6.jar:5.3.6]
	at org.springframework.beans.factory.support.AbstractBeanFactory.lambda$doGetBean$0(AbstractBeanFactory.java:335) ~[spring-beans-5.3.6.jar:5.3.6]
	at org.springframework.beans.factory.support.DefaultSingletonBeanRegistry.getSingleton(DefaultSingletonBeanRegistry.java:234) ~[spring-beans-5.3.6.jar:5.3.6]
	at org.springframework.beans.factory.support.AbstractBeanFactory.doGetBean(AbstractBeanFactory.java:333) ~[spring-beans-5.3.6.jar:5.3.6]
	at org.springframework.beans.factory.support.AbstractBeanFactory.getBean(AbstractBeanFactory.java:208) ~[spring-beans-5.3.6.jar:5.3.6]
	at org.springframework.beans.factory.support.ConstructorResolver.instantiateUsingFactoryMethod(ConstructorResolver.java:410) ~[spring-beans-5.3.6.jar:5.3.6]
	at org.springframework.beans.factory.support.AbstractAutowireCapableBeanFactory.instantiateUsingFactoryMethod(AbstractAutowireCapableBeanFactory.java:1334) ~[spring-beans-5.3.6.jar:5.3.6]
	at org.springframework.beans.factory.support.AbstractAutowireCapableBeanFactory.createBeanInstance(AbstractAutowireCapableBeanFactory.java:1177) ~[spring-beans-5.3.6.jar:5.3.6]
	at org.springframework.beans.factory.support.AbstractAutowireCapableBeanFactory.doCreateBean(AbstractAutowireCapableBeanFactory.java:564) ~[spring-beans-5.3.6.jar:5.3.6]
	at org.springframework.beans.factory.support.AbstractAutowireCapableBeanFactory.createBean(AbstractAutowireCapableBeanFactory.java:524) ~[spring-beans-5.3.6.jar:5.3.6]
	at org.springframework.beans.factory.support.AbstractBeanFactory.lambda$doGetBean$0(AbstractBeanFactory.java:335) ~[spring-beans-5.3.6.jar:5.3.6]
	at org.springframework.beans.factory.support.DefaultSingletonBeanRegistry.getSingleton(DefaultSingletonBeanRegistry.java:234) ~[spring-beans-5.3.6.jar:5.3.6]
	at org.springframework.beans.factory.support.AbstractBeanFactory.doGetBean(AbstractBeanFactory.java:333) ~[spring-beans-5.3.6.jar:5.3.6]
	at org.springframework.beans.factory.support.AbstractBeanFactory.getBean(AbstractBeanFactory.java:208) ~[spring-beans-5.3.6.jar:5.3.6]
	at org.springframework.beans.factory.config.DependencyDescriptor.resolveCandidate(DependencyDescriptor.java:276) ~[spring-beans-5.3.6.jar:5.3.6]
	at org.springframework.beans.factory.support.DefaultListableBeanFactory.doResolveDependency(DefaultListableBeanFactory.java:1380) ~[spring-beans-5.3.6.jar:5.3.6]
	at org.springframework.beans.factory.support.DefaultListableBeanFactory.resolveDependency(DefaultListableBeanFactory.java:1300) ~[spring-beans-5.3.6.jar:5.3.6]
	at org.springframework.beans.factory.annotation.AutowiredAnnotationBeanPostProcessor$AutowiredMethodElement.resolveMethodArguments(AutowiredAnnotationBeanPostProcessor.java:760) ~[spring-beans-5.3.6.jar:5.3.6]
	... 72 common frames omitted
Caused by: org.springframework.beans.factory.UnsatisfiedDependencyException: Error creating bean with name 'openEntityManagerInViewInterceptorConfigurer' defined in class path resource [org/springframework/boot/autoconfigure/orm/jpa/JpaBaseConfiguration$JpaWebConfiguration.class]: Unsatisfied dependency expressed through method 'openEntityManagerInViewInterceptorConfigurer' parameter 0; nested exception is org.springframework.beans.factory.BeanCreationException: Error creating bean with name 'openEntityManagerInViewInterceptor' defined in class path resource [org/springframework/boot/autoconfigure/orm/jpa/JpaBaseConfiguration$JpaWebConfiguration.class]: Initialization of bean failed; nested exception is org.springframework.beans.factory.BeanCreationException: Error creating bean with name 'entityManagerFactory' defined in class path resource [org/springframework/boot/autoconfigure/orm/jpa/HibernateJpaConfiguration.class]: Invocation of init method failed; nested exception is javax.persistence.PersistenceException: [PersistenceUnit: default] Unable to build Hibernate SessionFactory; nested exception is org.hibernate.MappingException: Repeated column in mapping for entity: com.example.actvn.entity.HocPhan column: giang_vien_id (should be mapped with insert="false" update="false")
	at org.springframework.beans.factory.support.ConstructorResolver.createArgumentArray(ConstructorResolver.java:800) ~[spring-beans-5.3.6.jar:5.3.6]
	at org.springframework.beans.factory.support.ConstructorResolver.instantiateUsingFactoryMethod(ConstructorResolver.java:541) ~[spring-beans-5.3.6.jar:5.3.6]
	at org.springframework.beans.factory.support.AbstractAutowireCapableBeanFactory.instantiateUsingFactoryMethod(AbstractAutowireCapableBeanFactory.java:1334) ~[spring-beans-5.3.6.jar:5.3.6]
	at org.springframework.beans.factory.support.AbstractAutowireCapableBeanFactory.createBeanInstance(AbstractAutowireCapableBeanFactory.java:1177) ~[spring-beans-5.3.6.jar:5.3.6]
	at org.springframework.beans.factory.support.AbstractAutowireCapableBeanFactory.doCreateBean(AbstractAutowireCapableBeanFactory.java:564) ~[spring-beans-5.3.6.jar:5.3.6]
	at org.springframework.beans.factory.support.AbstractAutowireCapableBeanFactory.createBean(AbstractAutowireCapableBeanFactory.java:524) ~[spring-beans-5.3.6.jar:5.3.6]
	at org.springframework.beans.factory.support.AbstractBeanFactory.lambda$doGetBean$0(AbstractBeanFactory.java:335) ~[spring-beans-5.3.6.jar:5.3.6]
	at org.springframework.beans.factory.support.DefaultSingletonBeanRegistry.getSingleton(DefaultSingletonBeanRegistry.java:234) ~[spring-beans-5.3.6.jar:5.3.6]
	at org.springframework.beans.factory.support.AbstractBeanFactory.doGetBean(AbstractBeanFactory.java:333) ~[spring-beans-5.3.6.jar:5.3.6]
	at org.springframework.beans.factory.support.AbstractBeanFactory.getBean(AbstractBeanFactory.java:208) ~[spring-beans-5.3.6.jar:5.3.6]
	at org.springframework.beans.factory.config.DependencyDescriptor.resolveCandidate(DependencyDescriptor.java:276) ~[spring-beans-5.3.6.jar:5.3.6]
	at org.springframework.beans.factory.support.DefaultListableBeanFactory.addCandidateEntry(DefaultListableBeanFactory.java:1598) ~[spring-beans-5.3.6.jar:5.3.6]
	at org.springframework.beans.factory.support.DefaultListableBeanFactory.findAutowireCandidates(DefaultListableBeanFactory.java:1562) ~[spring-beans-5.3.6.jar:5.3.6]
	at org.springframework.beans.factory.support.DefaultListableBeanFactory.resolveMultipleBeans(DefaultListableBeanFactory.java:1451) ~[spring-beans-5.3.6.jar:5.3.6]
	at org.springframework.beans.factory.support.DefaultListableBeanFactory.doResolveDependency(DefaultListableBeanFactory.java:1338) ~[spring-beans-5.3.6.jar:5.3.6]
	at org.springframework.beans.factory.support.DefaultListableBeanFactory.resolveDependency(DefaultListableBeanFactory.java:1300) ~[spring-beans-5.3.6.jar:5.3.6]
	at org.springframework.beans.factory.annotation.AutowiredAnnotationBeanPostProcessor$AutowiredMethodElement.resolveMethodArguments(AutowiredAnnotationBeanPostProcessor.java:760) ~[spring-beans-5.3.6.jar:5.3.6]
	... 95 common frames omitted
Caused by: org.springframework.beans.factory.BeanCreationException: Error creating bean with name 'openEntityManagerInViewInterceptor' defined in class path resource [org/springframework/boot/autoconfigure/orm/jpa/JpaBaseConfiguration$JpaWebConfiguration.class]: Initialization of bean failed; nested exception is org.springframework.beans.factory.BeanCreationException: Error creating bean with name 'entityManagerFactory' defined in class path resource [org/springframework/boot/autoconfigure/orm/jpa/HibernateJpaConfiguration.class]: Invocation of init method failed; nested exception is javax.persistence.PersistenceException: [PersistenceUnit: default] Unable to build Hibernate SessionFactory; nested exception is org.hibernate.MappingException: Repeated column in mapping for entity: com.example.actvn.entity.HocPhan column: giang_vien_id (should be mapped with insert="false" update="false")
	at org.springframework.beans.factory.support.AbstractAutowireCapableBeanFactory.doCreateBean(AbstractAutowireCapableBeanFactory.java:610) ~[spring-beans-5.3.6.jar:5.3.6]
	at org.springframework.beans.factory.support.AbstractAutowireCapableBeanFactory.createBean(AbstractAutowireCapableBeanFactory.java:524) ~[spring-beans-5.3.6.jar:5.3.6]
	at org.springframework.beans.factory.support.AbstractBeanFactory.lambda$doGetBean$0(AbstractBeanFactory.java:335) ~[spring-beans-5.3.6.jar:5.3.6]
	at org.springframework.beans.factory.support.DefaultSingletonBeanRegistry.getSingleton(DefaultSingletonBeanRegistry.java:234) ~[spring-beans-5.3.6.jar:5.3.6]
	at org.springframework.beans.factory.support.AbstractBeanFactory.doGetBean(AbstractBeanFactory.java:333) ~[spring-beans-5.3.6.jar:5.3.6]
	at org.springframework.beans.factory.support.AbstractBeanFactory.getBean(AbstractBeanFactory.java:208) ~[spring-beans-5.3.6.jar:5.3.6]
	at org.springframework.beans.factory.config.DependencyDescriptor.resolveCandidate(DependencyDescriptor.java:276) ~[spring-beans-5.3.6.jar:5.3.6]
	at org.springframework.beans.factory.support.DefaultListableBeanFactory.doResolveDependency(DefaultListableBeanFactory.java:1380) ~[spring-beans-5.3.6.jar:5.3.6]
	at org.springframework.beans.factory.support.DefaultListableBeanFactory.resolveDependency(DefaultListableBeanFactory.java:1300) ~[spring-beans-5.3.6.jar:5.3.6]
	at org.springframework.beans.factory.support.ConstructorResolver.resolveAutowiredArgument(ConstructorResolver.java:887) ~[spring-beans-5.3.6.jar:5.3.6]
	at org.springframework.beans.factory.support.ConstructorResolver.createArgumentArray(ConstructorResolver.java:791) ~[spring-beans-5.3.6.jar:5.3.6]
	... 111 common frames omitted
Caused by: org.springframework.beans.factory.BeanCreationException: Error creating bean with name 'entityManagerFactory' defined in class path resource [org/springframework/boot/autoconfigure/orm/jpa/HibernateJpaConfiguration.class]: Invocation of init method failed; nested exception is javax.persistence.PersistenceException: [PersistenceUnit: default] Unable to build Hibernate SessionFactory; nested exception is org.hibernate.MappingException: Repeated column in mapping for entity: com.example.actvn.entity.HocPhan column: giang_vien_id (should be mapped with insert="false" update="false")
	at org.springframework.beans.factory.support.AbstractAutowireCapableBeanFactory.initializeBean(AbstractAutowireCapableBeanFactory.java:1786) ~[spring-beans-5.3.6.jar:5.3.6]
	at org.springframework.beans.factory.support.AbstractAutowireCapableBeanFactory.doCreateBean(AbstractAutowireCapableBeanFactory.java:602) ~[spring-beans-5.3.6.jar:5.3.6]
	at org.springframework.beans.factory.support.AbstractAutowireCapableBeanFactory.createBean(AbstractAutowireCapableBeanFactory.java:524) ~[spring-beans-5.3.6.jar:5.3.6]
	at org.springframework.beans.factory.support.AbstractBeanFactory.lambda$doGetBean$0(AbstractBeanFactory.java:335) ~[spring-beans-5.3.6.jar:5.3.6]
	at org.springframework.beans.factory.support.DefaultSingletonBeanRegistry.getSingleton(DefaultSingletonBeanRegistry.java:234) ~[spring-beans-5.3.6.jar:5.3.6]
	at org.springframework.beans.factory.support.AbstractBeanFactory.doGetBean(AbstractBeanFactory.java:333) ~[spring-beans-5.3.6.jar:5.3.6]
	at org.springframework.beans.factory.support.AbstractBeanFactory.getBean(AbstractBeanFactory.java:233) ~[spring-beans-5.3.6.jar:5.3.6]
	at org.springframework.beans.factory.support.DefaultListableBeanFactory.resolveNamedBean(DefaultListableBeanFactory.java:1273) ~[spring-beans-5.3.6.jar:5.3.6]
	at org.springframework.beans.factory.support.DefaultListableBeanFactory.resolveNamedBean(DefaultListableBeanFactory.java:1234) ~[spring-beans-5.3.6.jar:5.3.6]
	at org.springframework.beans.factory.support.DefaultListableBeanFactory.resolveBean(DefaultListableBeanFactory.java:494) ~[spring-beans-5.3.6.jar:5.3.6]
	at org.springframework.beans.factory.support.DefaultListableBeanFactory.getBean(DefaultListableBeanFactory.java:349) ~[spring-beans-5.3.6.jar:5.3.6]
	at org.springframework.beans.factory.support.DefaultListableBeanFactory.getBean(DefaultListableBeanFactory.java:342) ~[spring-beans-5.3.6.jar:5.3.6]
	at org.springframework.orm.jpa.EntityManagerFactoryUtils.findEntityManagerFactory(EntityManagerFactoryUtils.java:121) ~[spring-orm-5.3.6.jar:5.3.6]
	at org.springframework.orm.jpa.EntityManagerFactoryAccessor.setBeanFactory(EntityManagerFactoryAccessor.java:155) ~[spring-orm-5.3.6.jar:5.3.6]
	at org.springframework.beans.factory.support.AbstractAutowireCapableBeanFactory.invokeAwareMethods(AbstractAutowireCapableBeanFactory.java:1808) ~[spring-beans-5.3.6.jar:5.3.6]
	at org.springframework.beans.factory.support.AbstractAutowireCapableBeanFactory.initializeBean(AbstractAutowireCapableBeanFactory.java:1773) ~[spring-beans-5.3.6.jar:5.3.6]
	at org.springframework.beans.factory.support.AbstractAutowireCapableBeanFactory.doCreateBean(AbstractAutowireCapableBeanFactory.java:602) ~[spring-beans-5.3.6.jar:5.3.6]
	... 121 common frames omitted
Caused by: javax.persistence.PersistenceException: [PersistenceUnit: default] Unable to build Hibernate SessionFactory; nested exception is org.hibernate.MappingException: Repeated column in mapping for entity: com.example.actvn.entity.HocPhan column: giang_vien_id (should be mapped with insert="false" update="false")
	at org.springframework.orm.jpa.AbstractEntityManagerFactoryBean.buildNativeEntityManagerFactory(AbstractEntityManagerFactoryBean.java:421) ~[spring-orm-5.3.6.jar:5.3.6]
	at org.springframework.orm.jpa.AbstractEntityManagerFactoryBean.afterPropertiesSet(AbstractEntityManagerFactoryBean.java:396) ~[spring-orm-5.3.6.jar:5.3.6]
	at org.springframework.orm.jpa.LocalContainerEntityManagerFactoryBean.afterPropertiesSet(LocalContainerEntityManagerFactoryBean.java:341) ~[spring-orm-5.3.6.jar:5.3.6]
	at org.springframework.beans.factory.support.AbstractAutowireCapableBeanFactory.invokeInitMethods(AbstractAutowireCapableBeanFactory.java:1845) ~[spring-beans-5.3.6.jar:5.3.6]
	at org.springframework.beans.factory.support.AbstractAutowireCapableBeanFactory.initializeBean(AbstractAutowireCapableBeanFactory.java:1782) ~[spring-beans-5.3.6.jar:5.3.6]
	... 137 common frames omitted
Caused by: org.hibernate.MappingException: Repeated column in mapping for entity: com.example.actvn.entity.HocPhan column: giang_vien_id (should be mapped with insert="false" update="false")
	at org.hibernate.mapping.PersistentClass.checkColumnDuplication(PersistentClass.java:862) ~[hibernate-core-5.4.30.Final.jar:5.4.30.Final]
	at org.hibernate.mapping.PersistentClass.checkPropertyColumnDuplication(PersistentClass.java:880) ~[hibernate-core-5.4.30.Final.jar:5.4.30.Final]
	at org.hibernate.mapping.PersistentClass.checkColumnDuplication(PersistentClass.java:902) ~[hibernate-core-5.4.30.Final.jar:5.4.30.Final]
	at org.hibernate.mapping.PersistentClass.validate(PersistentClass.java:634) ~[hibernate-core-5.4.30.Final.jar:5.4.30.Final]
	at org.hibernate.mapping.RootClass.validate(RootClass.java:267) ~[hibernate-core-5.4.30.Final.jar:5.4.30.Final]
	at org.hibernate.boot.internal.MetadataImpl.validate(MetadataImpl.java:354) ~[hibernate-core-5.4.30.Final.jar:5.4.30.Final]
	at org.hibernate.internal.SessionFactoryImpl.<init>(SessionFactoryImpl.java:298) ~[hibernate-core-5.4.30.Final.jar:5.4.30.Final]
	at org.hibernate.boot.internal.SessionFactoryBuilderImpl.build(SessionFactoryBuilderImpl.java:468) ~[hibernate-core-5.4.30.Final.jar:5.4.30.Final]
	at org.hibernate.jpa.boot.internal.EntityManagerFactoryBuilderImpl.build(EntityManagerFactoryBuilderImpl.java:1259) ~[hibernate-core-5.4.30.Final.jar:5.4.30.Final]
	at org.springframework.orm.jpa.vendor.SpringHibernateJpaPersistenceProvider.createContainerEntityManagerFactory(SpringHibernateJpaPersistenceProvider.java:58) ~[spring-orm-5.3.6.jar:5.3.6]
	at org.springframework.orm.jpa.LocalContainerEntityManagerFactoryBean.createNativeEntityManagerFactory(LocalContainerEntityManagerFactoryBean.java:365) ~[spring-orm-5.3.6.jar:5.3.6]
	at org.springframework.orm.jpa.AbstractEntityManagerFactoryBean.buildNativeEntityManagerFactory(AbstractEntityManagerFactoryBean.java:409) ~[spring-orm-5.3.6.jar:5.3.6]
	... 141 common frames omitted

2021-06-07 16:08:36.821  INFO 26468 --- [restartedMain] com.example.actvn.ActvnApplication       : Starting ActvnApplication using Java 1.8.0_271 on DESKTOP-EIB7LHP with PID 26468 (E:\DoAn\actvn\target\classes started by Giang in E:\DoAn\actvn)
2021-06-07 16:08:36.825  INFO 26468 --- [restartedMain] com.example.actvn.ActvnApplication       : No active profile set, falling back to default profiles: default
2021-06-07 16:08:36.868  INFO 26468 --- [restartedMain] .e.DevToolsPropertyDefaultsPostProcessor : Devtools property defaults active! Set 'spring.devtools.add-properties' to 'false' to disable
2021-06-07 16:08:36.868  INFO 26468 --- [restartedMain] .e.DevToolsPropertyDefaultsPostProcessor : For additional web related logging consider setting the 'logging.level.web' property to 'DEBUG'
2021-06-07 16:08:37.601  INFO 26468 --- [restartedMain] .s.d.r.c.RepositoryConfigurationDelegate : Bootstrapping Spring Data JPA repositories in DEFAULT mode.
2021-06-07 16:08:37.671  INFO 26468 --- [restartedMain] .s.d.r.c.RepositoryConfigurationDelegate : Finished Spring Data repository scanning in 65 ms. Found 6 JPA repository interfaces.
2021-06-07 16:08:37.948  INFO 26468 --- [restartedMain] trationDelegate$BeanPostProcessorChecker : Bean 'org.springframework.security.access.expression.method.DefaultMethodSecurityExpressionHandler@35531b46' of type [org.springframework.security.access.expression.method.DefaultMethodSecurityExpressionHandler] is not eligible for getting processed by all BeanPostProcessors (for example: not eligible for auto-proxying)
2021-06-07 16:08:37.955  INFO 26468 --- [restartedMain] trationDelegate$BeanPostProcessorChecker : Bean 'methodSecurityMetadataSource' of type [org.springframework.security.access.method.DelegatingMethodSecurityMetadataSource] is not eligible for getting processed by all BeanPostProcessors (for example: not eligible for auto-proxying)
2021-06-07 16:08:38.204  INFO 26468 --- [restartedMain] o.s.b.w.embedded.tomcat.TomcatWebServer  : Tomcat initialized with port(s): 5000 (http)
2021-06-07 16:08:38.211  INFO 26468 --- [restartedMain] o.apache.catalina.core.StandardService   : Starting service [Tomcat]
2021-06-07 16:08:38.211  INFO 26468 --- [restartedMain] org.apache.catalina.core.StandardEngine  : Starting Servlet engine: [Apache Tomcat/9.0.45]
2021-06-07 16:08:38.275  INFO 26468 --- [restartedMain] o.a.c.c.C.[Tomcat].[localhost].[/]       : Initializing Spring embedded WebApplicationContext
2021-06-07 16:08:38.275  INFO 26468 --- [restartedMain] w.s.c.ServletWebServerApplicationContext : Root WebApplicationContext: initialization completed in 1406 ms
2021-06-07 16:08:38.323  WARN 26468 --- [restartedMain] JpaBaseConfiguration$JpaWebConfiguration : spring.jpa.open-in-view is enabled by default. Therefore, database queries may be performed during view rendering. Explicitly configure spring.jpa.open-in-view to disable this warning
2021-06-07 16:08:38.408  INFO 26468 --- [restartedMain] com.zaxxer.hikari.HikariDataSource       : HikariPool-1 - Starting...
2021-06-07 16:08:38.585  INFO 26468 --- [restartedMain] com.zaxxer.hikari.HikariDataSource       : HikariPool-1 - Start completed.
2021-06-07 16:08:39.720  INFO 26468 --- [restartedMain] j.LocalContainerEntityManagerFactoryBean : Initialized JPA EntityManagerFactory for persistence unit 'default'
2021-06-07 16:08:40.528 DEBUG 26468 --- [restartedMain] s.w.s.m.m.a.RequestMappingHandlerMapping : 16 mappings in 'requestMappingHandlerMapping'
2021-06-07 16:08:40.887  INFO 26468 --- [restartedMain] pertySourcedRequestMappingHandlerMapping : Mapped URL path [/v2/api-docs] onto method [springfox.documentation.swagger2.web.Swagger2Controller#getDocumentation(String, HttpServletRequest)]
2021-06-07 16:08:40.990 DEBUG 26468 --- [restartedMain] o.s.w.s.handler.SimpleUrlHandlerMapping  : Patterns [/webjars/**, /**] in 'resourceHandlerMapping'
2021-06-07 16:08:41.050  INFO 26468 --- [restartedMain] o.s.s.concurrent.ThreadPoolTaskExecutor  : Initializing ExecutorService 'applicationTaskExecutor'
2021-06-07 16:08:41.089  INFO 26468 --- [restartedMain] o.s.b.d.a.OptionalLiveReloadServer       : LiveReload server is running on port 35729
2021-06-07 16:08:41.093 DEBUG 26468 --- [restartedMain] s.w.s.m.m.a.RequestMappingHandlerAdapter : ControllerAdvice beans: 0 @ModelAttribute, 0 @InitBinder, 1 RequestBodyAdvice, 1 ResponseBodyAdvice
2021-06-07 16:08:41.123 DEBUG 26468 --- [restartedMain] .m.m.a.ExceptionHandlerExceptionResolver : ControllerAdvice beans: 0 @ExceptionHandler, 1 ResponseBodyAdvice
2021-06-07 16:08:41.225  INFO 26468 --- [restartedMain] o.s.b.w.embedded.tomcat.TomcatWebServer  : Tomcat started on port(s): 5000 (http) with context path ''
2021-06-07 16:08:41.226  INFO 26468 --- [restartedMain] d.s.w.p.DocumentationPluginsBootstrapper : Context refreshed
2021-06-07 16:08:41.243  INFO 26468 --- [restartedMain] d.s.w.p.DocumentationPluginsBootstrapper : Found 1 custom documentation plugin(s)
2021-06-07 16:08:41.268  INFO 26468 --- [restartedMain] s.d.s.w.s.ApiListingReferenceScanner     : Scanning for api listing references
2021-06-07 16:08:41.445  INFO 26468 --- [restartedMain] com.example.actvn.ActvnApplication       : Started ActvnApplication in 5.029 seconds (JVM running for 5.974)
2021-06-07 16:27:50.266  INFO 26468 --- [http-nio-5000-exec-2] o.a.c.c.C.[Tomcat].[localhost].[/]       : Initializing Spring DispatcherServlet 'dispatcherServlet'
2021-06-07 16:27:50.266  INFO 26468 --- [http-nio-5000-exec-2] o.s.web.servlet.DispatcherServlet        : Initializing Servlet 'dispatcherServlet'
2021-06-07 16:27:50.266 DEBUG 26468 --- [http-nio-5000-exec-2] o.s.web.servlet.DispatcherServlet        : Detected StandardServletMultipartResolver
2021-06-07 16:27:50.266 DEBUG 26468 --- [http-nio-5000-exec-2] o.s.web.servlet.DispatcherServlet        : Detected AcceptHeaderLocaleResolver
2021-06-07 16:27:50.267 DEBUG 26468 --- [http-nio-5000-exec-2] o.s.web.servlet.DispatcherServlet        : Detected FixedThemeResolver
2021-06-07 16:27:50.268 DEBUG 26468 --- [http-nio-5000-exec-2] o.s.web.servlet.DispatcherServlet        : Detected org.springframework.web.servlet.view.DefaultRequestToViewNameTranslator@25b8a01b
2021-06-07 16:27:50.268 DEBUG 26468 --- [http-nio-5000-exec-2] o.s.web.servlet.DispatcherServlet        : Detected org.springframework.web.servlet.support.SessionFlashMapManager@6b3cf23b
2021-06-07 16:27:50.268 DEBUG 26468 --- [http-nio-5000-exec-2] o.s.web.servlet.DispatcherServlet        : enableLoggingRequestDetails='false': request parameters and headers will be masked to prevent unsafe logging of potentially sensitive data
2021-06-07 16:27:50.268  INFO 26468 --- [http-nio-5000-exec-2] o.s.web.servlet.DispatcherServlet        : Completed initialization in 2 ms
2021-06-07 16:27:50.289 DEBUG 26468 --- [http-nio-5000-exec-2] s.w.s.m.m.a.RequestMappingHandlerMapping : Mapped to com.example.actvn.controller.auth.AuthController#authenticateUser(LoginRequest)
2021-06-07 16:27:50.297 DEBUG 26468 --- [http-nio-5000-exec-2] o.s.web.servlet.DispatcherServlet        : POST "/api/auth/sign_in", parameters={}
2021-06-07 16:27:50.300 DEBUG 26468 --- [http-nio-5000-exec-2] s.w.s.m.m.a.RequestMappingHandlerMapping : Mapped to com.example.actvn.controller.auth.AuthController#authenticateUser(LoginRequest)
2021-06-07 16:27:50.348 DEBUG 26468 --- [http-nio-5000-exec-2] m.m.a.RequestResponseBodyMethodProcessor : Read "application/json;charset=UTF-8" to [LoginRequest(loginId=admin, password=123456a)]
2021-06-07 16:27:50.357  INFO 26468 --- [http-nio-5000-exec-2] c.e.a.controller.auth.AuthController     : Login account  =admin user name=123456a
2021-06-07 16:27:50.471 DEBUG 26468 --- [http-nio-5000-exec-2] org.hibernate.SQL                        : select account0_.id as id1_13_, account0_.dien_thoai_ca_nhan as dien_tho2_13_, account0_.dien_thoai_nguoi_than as dien_tho3_13_, account0_.email as email4_13_, account0_.hieu_luc as hieu_luc5_13_, account0_.ho_va_ten as ho_va_te6_13_, account0_.ma as ma7_13_, account0_.ngay_sinh as ngay_sin8_13_, account0_.ngay_sua_cuoi as ngay_sua9_13_, account0_.ngay_tao as ngay_ta10_13_, account0_.nguoi_sua_cuoi as nguoi_s11_13_, account0_.nguoi_tao as nguoi_t12_13_, account0_.mat_khau as mat_kha13_13_, account0_.role_cd as role_cd14_13_, account0_.tai_khoan as tai_kho15_13_ from account account0_ where account0_.tai_khoan=? and account0_.hieu_luc=?
2021-06-07 16:27:50.543 DEBUG 26468 --- [http-nio-5000-exec-2] org.hibernate.SQL                        : select roles0_.account_id as account_1_20_0_, roles0_.role_id as role_id2_20_0_, role1_.id as id1_19_1_, role1_.hieu_luc as hieu_luc2_19_1_, role1_.mo_ta as mo_ta3_19_1_, role1_.ngay_sua_cuoi as ngay_sua4_19_1_, role1_.ngay_tao as ngay_tao5_19_1_, role1_.nguoi_sua_cuoi as nguoi_su6_19_1_, role1_.nguoi_tao as nguoi_ta7_19_1_, role1_.role_cd as role_cd8_19_1_, role1_.ten as ten9_19_1_ from role_user roles0_ inner join role role1_ on roles0_.role_id=role1_.id where roles0_.account_id=?
2021-06-07 16:27:50.665 DEBUG 26468 --- [http-nio-5000-exec-2] org.hibernate.SQL                        : select account0_.id as id1_13_, account0_.dien_thoai_ca_nhan as dien_tho2_13_, account0_.dien_thoai_nguoi_than as dien_tho3_13_, account0_.email as email4_13_, account0_.hieu_luc as hieu_luc5_13_, account0_.ho_va_ten as ho_va_te6_13_, account0_.ma as ma7_13_, account0_.ngay_sinh as ngay_sin8_13_, account0_.ngay_sua_cuoi as ngay_sua9_13_, account0_.ngay_tao as ngay_ta10_13_, account0_.nguoi_sua_cuoi as nguoi_s11_13_, account0_.nguoi_tao as nguoi_t12_13_, account0_.mat_khau as mat_kha13_13_, account0_.role_cd as role_cd14_13_, account0_.tai_khoan as tai_kho15_13_ from account account0_ where account0_.tai_khoan=? and account0_.hieu_luc=?
2021-06-07 16:27:51.017  INFO 26468 --- [http-nio-5000-exec-2] c.e.a.controller.auth.AuthController     : Token : eyJhbGciOiJIUzUxMiJ9.eyJzdWIiOiIyIiwiaWF0IjoxNjIzMDU4MDcwLCJleHAiOjE2MjM2NjI4NzB9.38PFGcAQQbx8hIuoU6Hf7yUJdt8HV991Z3fQT4rauuc15-C3zdBtIqdr8qt0gdkClM6_NKg1XzV6_mO-o6EgtA,time = 660
2021-06-07 16:27:51.039 DEBUG 26468 --- [http-nio-5000-exec-2] o.s.w.s.m.m.a.HttpEntityMethodProcessor  : Using 'application/json', given [*/*] and supported [application/json, application/*+json, application/json, application/*+json, application/xml;charset=UTF-8, text/xml;charset=UTF-8, application/*+xml;charset=UTF-8, application/xml;charset=UTF-8, text/xml;charset=UTF-8, application/*+xml;charset=UTF-8]
2021-06-07 16:27:51.039 DEBUG 26468 --- [http-nio-5000-exec-2] o.s.w.s.m.m.a.HttpEntityMethodProcessor  : Writing [JwtAuthenticationResponse(accessToken=eyJhbGciOiJIUzUxMiJ9.eyJzdWIiOiIyIiwiaWF0IjoxNjIzMDU4MDcwLCJle (truncated)...]
2021-06-07 16:27:51.081 DEBUG 26468 --- [http-nio-5000-exec-2] o.s.web.servlet.DispatcherServlet        : Completed 200 OK
2021-06-07 19:42:47.745  WARN 26468 --- [HikariPool-1 housekeeper] com.zaxxer.hikari.pool.HikariPool        : HikariPool-1 - Thread starvation or clock leap detected (housekeeper delta=2h32m8s26ms821s499ns).
2021-06-07 21:33:01.447  INFO 26468 --- [SpringContextShutdownHook] o.s.s.concurrent.ThreadPoolTaskExecutor  : Shutting down ExecutorService 'applicationTaskExecutor'
2021-06-07 21:33:01.452  INFO 26468 --- [SpringContextShutdownHook] j.LocalContainerEntityManagerFactoryBean : Closing JPA EntityManagerFactory for persistence unit 'default'
2021-06-07 21:33:01.457  INFO 26468 --- [SpringContextShutdownHook] com.zaxxer.hikari.HikariDataSource       : HikariPool-1 - Shutdown initiated...
2021-06-07 21:33:01.460  INFO 26468 --- [SpringContextShutdownHook] com.zaxxer.hikari.HikariDataSource       : HikariPool-1 - Shutdown completed.
2021-06-07 21:33:06.478  INFO 7340 --- [restartedMain] com.example.actvn.ActvnApplication       : Starting ActvnApplication using Java 1.8.0_271 on DESKTOP-EIB7LHP with PID 7340 (E:\DoAn\actvn\target\classes started by Giang in E:\DoAn\actvn)
2021-06-07 21:33:06.481  INFO 7340 --- [restartedMain] com.example.actvn.ActvnApplication       : No active profile set, falling back to default profiles: default
2021-06-07 21:33:06.526  INFO 7340 --- [restartedMain] .e.DevToolsPropertyDefaultsPostProcessor : Devtools property defaults active! Set 'spring.devtools.add-properties' to 'false' to disable
2021-06-07 21:33:06.526  INFO 7340 --- [restartedMain] .e.DevToolsPropertyDefaultsPostProcessor : For additional web related logging consider setting the 'logging.level.web' property to 'DEBUG'
2021-06-07 21:33:07.393  INFO 7340 --- [restartedMain] .s.d.r.c.RepositoryConfigurationDelegate : Bootstrapping Spring Data JPA repositories in DEFAULT mode.
2021-06-07 21:33:07.480  INFO 7340 --- [restartedMain] .s.d.r.c.RepositoryConfigurationDelegate : Finished Spring Data repository scanning in 79 ms. Found 6 JPA repository interfaces.
2021-06-07 21:33:07.763  INFO 7340 --- [restartedMain] trationDelegate$BeanPostProcessorChecker : Bean 'org.springframework.security.access.expression.method.DefaultMethodSecurityExpressionHandler@8ecb376' of type [org.springframework.security.access.expression.method.DefaultMethodSecurityExpressionHandler] is not eligible for getting processed by all BeanPostProcessors (for example: not eligible for auto-proxying)
2021-06-07 21:33:07.770  INFO 7340 --- [restartedMain] trationDelegate$BeanPostProcessorChecker : Bean 'methodSecurityMetadataSource' of type [org.springframework.security.access.method.DelegatingMethodSecurityMetadataSource] is not eligible for getting processed by all BeanPostProcessors (for example: not eligible for auto-proxying)
2021-06-07 21:33:08.022  INFO 7340 --- [restartedMain] o.s.b.w.embedded.tomcat.TomcatWebServer  : Tomcat initialized with port(s): 5000 (http)
2021-06-07 21:33:08.028  INFO 7340 --- [restartedMain] o.apache.catalina.core.StandardService   : Starting service [Tomcat]
2021-06-07 21:33:08.029  INFO 7340 --- [restartedMain] org.apache.catalina.core.StandardEngine  : Starting Servlet engine: [Apache Tomcat/9.0.45]
2021-06-07 21:33:08.116  INFO 7340 --- [restartedMain] o.a.c.c.C.[Tomcat].[localhost].[/]       : Initializing Spring embedded WebApplicationContext
2021-06-07 21:33:08.116  INFO 7340 --- [restartedMain] w.s.c.ServletWebServerApplicationContext : Root WebApplicationContext: initialization completed in 1589 ms
2021-06-07 21:33:08.173  WARN 7340 --- [restartedMain] JpaBaseConfiguration$JpaWebConfiguration : spring.jpa.open-in-view is enabled by default. Therefore, database queries may be performed during view rendering. Explicitly configure spring.jpa.open-in-view to disable this warning
2021-06-07 21:33:08.264  INFO 7340 --- [restartedMain] com.zaxxer.hikari.HikariDataSource       : HikariPool-1 - Starting...
2021-06-07 21:33:08.922  INFO 7340 --- [restartedMain] com.zaxxer.hikari.HikariDataSource       : HikariPool-1 - Start completed.
2021-06-07 21:33:10.018  INFO 7340 --- [restartedMain] j.LocalContainerEntityManagerFactoryBean : Initialized JPA EntityManagerFactory for persistence unit 'default'
2021-06-07 21:33:10.796 DEBUG 7340 --- [restartedMain] s.w.s.m.m.a.RequestMappingHandlerMapping : 16 mappings in 'requestMappingHandlerMapping'
2021-06-07 21:33:11.144  INFO 7340 --- [restartedMain] pertySourcedRequestMappingHandlerMapping : Mapped URL path [/v2/api-docs] onto method [springfox.documentation.swagger2.web.Swagger2Controller#getDocumentation(String, HttpServletRequest)]
2021-06-07 21:33:11.245 DEBUG 7340 --- [restartedMain] o.s.w.s.handler.SimpleUrlHandlerMapping  : Patterns [/webjars/**, /**] in 'resourceHandlerMapping'
2021-06-07 21:33:11.300  INFO 7340 --- [restartedMain] o.s.s.concurrent.ThreadPoolTaskExecutor  : Initializing ExecutorService 'applicationTaskExecutor'
2021-06-07 21:33:11.337  INFO 7340 --- [restartedMain] o.s.b.d.a.OptionalLiveReloadServer       : LiveReload server is running on port 35729
2021-06-07 21:33:11.342 DEBUG 7340 --- [restartedMain] s.w.s.m.m.a.RequestMappingHandlerAdapter : ControllerAdvice beans: 0 @ModelAttribute, 0 @InitBinder, 1 RequestBodyAdvice, 1 ResponseBodyAdvice
2021-06-07 21:33:11.370 DEBUG 7340 --- [restartedMain] .m.m.a.ExceptionHandlerExceptionResolver : ControllerAdvice beans: 0 @ExceptionHandler, 1 ResponseBodyAdvice
2021-06-07 21:33:11.474  INFO 7340 --- [restartedMain] o.s.b.w.embedded.tomcat.TomcatWebServer  : Tomcat started on port(s): 5000 (http) with context path ''
2021-06-07 21:33:11.474  INFO 7340 --- [restartedMain] d.s.w.p.DocumentationPluginsBootstrapper : Context refreshed
2021-06-07 21:33:11.489  INFO 7340 --- [restartedMain] d.s.w.p.DocumentationPluginsBootstrapper : Found 1 custom documentation plugin(s)
2021-06-07 21:33:11.513  INFO 7340 --- [restartedMain] s.d.s.w.s.ApiListingReferenceScanner     : Scanning for api listing references
2021-06-07 21:33:11.685  INFO 7340 --- [restartedMain] com.example.actvn.ActvnApplication       : Started ActvnApplication in 5.561 seconds (JVM running for 6.568)
2021-06-07 21:33:29.988  INFO 7340 --- [http-nio-5000-exec-2] o.a.c.c.C.[Tomcat].[localhost].[/]       : Initializing Spring DispatcherServlet 'dispatcherServlet'
2021-06-07 21:33:29.988  INFO 7340 --- [http-nio-5000-exec-2] o.s.web.servlet.DispatcherServlet        : Initializing Servlet 'dispatcherServlet'
2021-06-07 21:33:29.989 DEBUG 7340 --- [http-nio-5000-exec-2] o.s.web.servlet.DispatcherServlet        : Detected StandardServletMultipartResolver
2021-06-07 21:33:29.989 DEBUG 7340 --- [http-nio-5000-exec-2] o.s.web.servlet.DispatcherServlet        : Detected AcceptHeaderLocaleResolver
2021-06-07 21:33:29.989 DEBUG 7340 --- [http-nio-5000-exec-2] o.s.web.servlet.DispatcherServlet        : Detected FixedThemeResolver
2021-06-07 21:33:29.990 DEBUG 7340 --- [http-nio-5000-exec-2] o.s.web.servlet.DispatcherServlet        : Detected org.springframework.web.servlet.view.DefaultRequestToViewNameTranslator@6c1182e6
2021-06-07 21:33:29.990 DEBUG 7340 --- [http-nio-5000-exec-2] o.s.web.servlet.DispatcherServlet        : Detected org.springframework.web.servlet.support.SessionFlashMapManager@2bded3ab
2021-06-07 21:33:29.991 DEBUG 7340 --- [http-nio-5000-exec-2] o.s.web.servlet.DispatcherServlet        : enableLoggingRequestDetails='false': request parameters and headers will be masked to prevent unsafe logging of potentially sensitive data
2021-06-07 21:33:29.991  INFO 7340 --- [http-nio-5000-exec-2] o.s.web.servlet.DispatcherServlet        : Completed initialization in 2 ms
2021-06-07 21:33:30.011 DEBUG 7340 --- [http-nio-5000-exec-2] s.w.s.m.m.a.RequestMappingHandlerMapping : Mapped to com.example.actvn.controller.auth.AuthController#authenticateUser(LoginRequest)
2021-06-07 21:33:30.019 DEBUG 7340 --- [http-nio-5000-exec-2] o.s.web.servlet.DispatcherServlet        : POST "/api/auth/sign_in", parameters={}
2021-06-07 21:33:30.020 DEBUG 7340 --- [http-nio-5000-exec-2] s.w.s.m.m.a.RequestMappingHandlerMapping : Mapped to com.example.actvn.controller.auth.AuthController#authenticateUser(LoginRequest)
2021-06-07 21:33:30.066 DEBUG 7340 --- [http-nio-5000-exec-2] m.m.a.RequestResponseBodyMethodProcessor : Read "application/json;charset=UTF-8" to [LoginRequest(loginId=admin, password=123456a)]
2021-06-07 21:33:30.072  INFO 7340 --- [http-nio-5000-exec-2] c.e.a.controller.auth.AuthController     : Login account  =admin user name=123456a
2021-06-07 21:33:30.319 DEBUG 7340 --- [http-nio-5000-exec-2] org.hibernate.SQL                        : select account0_.id as id1_13_, account0_.dien_thoai_ca_nhan as dien_tho2_13_, account0_.dien_thoai_nguoi_than as dien_tho3_13_, account0_.email as email4_13_, account0_.hieu_luc as hieu_luc5_13_, account0_.ho_va_ten as ho_va_te6_13_, account0_.ma as ma7_13_, account0_.ngay_sinh as ngay_sin8_13_, account0_.ngay_sua_cuoi as ngay_sua9_13_, account0_.ngay_tao as ngay_ta10_13_, account0_.nguoi_sua_cuoi as nguoi_s11_13_, account0_.nguoi_tao as nguoi_t12_13_, account0_.mat_khau as mat_kha13_13_, account0_.role_cd as role_cd14_13_, account0_.tai_khoan as tai_kho15_13_ from account account0_ where account0_.tai_khoan=? and account0_.hieu_luc=?
2021-06-07 21:33:30.435 DEBUG 7340 --- [http-nio-5000-exec-2] org.hibernate.SQL                        : select roles0_.account_id as account_1_20_0_, roles0_.role_id as role_id2_20_0_, role1_.id as id1_19_1_, role1_.hieu_luc as hieu_luc2_19_1_, role1_.mo_ta as mo_ta3_19_1_, role1_.ngay_sua_cuoi as ngay_sua4_19_1_, role1_.ngay_tao as ngay_tao5_19_1_, role1_.nguoi_sua_cuoi as nguoi_su6_19_1_, role1_.nguoi_tao as nguoi_ta7_19_1_, role1_.role_cd as role_cd8_19_1_, role1_.ten as ten9_19_1_ from role_user roles0_ inner join role role1_ on roles0_.role_id=role1_.id where roles0_.account_id=?
2021-06-07 21:33:30.782 DEBUG 7340 --- [http-nio-5000-exec-2] org.hibernate.SQL                        : select account0_.id as id1_13_, account0_.dien_thoai_ca_nhan as dien_tho2_13_, account0_.dien_thoai_nguoi_than as dien_tho3_13_, account0_.email as email4_13_, account0_.hieu_luc as hieu_luc5_13_, account0_.ho_va_ten as ho_va_te6_13_, account0_.ma as ma7_13_, account0_.ngay_sinh as ngay_sin8_13_, account0_.ngay_sua_cuoi as ngay_sua9_13_, account0_.ngay_tao as ngay_ta10_13_, account0_.nguoi_sua_cuoi as nguoi_s11_13_, account0_.nguoi_tao as nguoi_t12_13_, account0_.mat_khau as mat_kha13_13_, account0_.role_cd as role_cd14_13_, account0_.tai_khoan as tai_kho15_13_ from account account0_ where account0_.tai_khoan=? and account0_.hieu_luc=?
2021-06-07 21:33:31.312  INFO 7340 --- [http-nio-5000-exec-2] c.e.a.controller.auth.AuthController     : Token : eyJhbGciOiJIUzUxMiJ9.eyJzdWIiOiIyIiwiaWF0IjoxNjIzMDc2NDEwLCJleHAiOjE2MjM2ODEyMTB9.jwoQHjWVHfa-0C2wmlHBDwi48WG0uO2AJRwo_xJWF80a35UdQAotPA3I1ffnsVbSsYi178tNuLtVNufv-dDAmg,time = 1240
2021-06-07 21:33:31.331 DEBUG 7340 --- [http-nio-5000-exec-2] o.s.w.s.m.m.a.HttpEntityMethodProcessor  : Using 'application/json', given [*/*] and supported [application/json, application/*+json, application/json, application/*+json, application/xml;charset=UTF-8, text/xml;charset=UTF-8, application/*+xml;charset=UTF-8, application/xml;charset=UTF-8, text/xml;charset=UTF-8, application/*+xml;charset=UTF-8]
2021-06-07 21:33:31.331 DEBUG 7340 --- [http-nio-5000-exec-2] o.s.w.s.m.m.a.HttpEntityMethodProcessor  : Writing [JwtAuthenticationResponse(accessToken=eyJhbGciOiJIUzUxMiJ9.eyJzdWIiOiIyIiwiaWF0IjoxNjIzMDc2NDEwLCJle (truncated)...]
2021-06-07 21:33:31.351 DEBUG 7340 --- [http-nio-5000-exec-2] o.s.web.servlet.DispatcherServlet        : Completed 200 OK
